[Mon Aug 15 19:44:31 2022] [Kill] Subr3m died
[Mon Aug 15 19:45:06 2022] [Shooting] Subr3m is shooting with Прецизионная винтовка
[Mon Aug 15 19:46:00 2022] [Shooting] LuisPulga is shooting with Микро-ПП
[Mon Aug 15 19:46:00 2022] [Shooting] LuisPulga is shooting with Микро-ПП
[Mon Aug 15 19:46:00 2022] [Shooting] LuisPulga is shooting with Микро-ПП
[Mon Aug 15 19:46:00 2022] [Shooting] LuisPulga is shooting with Микро-ПП
[Mon Aug 15 19:46:00 2022] [Shooting] LuisPulga is shooting with Микро-ПП
[Mon Aug 15 19:46:01 2022] [Shooting] LuisPulga is shooting with Микро-ПП
[Mon Aug 15 19:46:01 2022] [Shooting] LuisPulga is shooting with Микро-ПП
[Mon Aug 15 19:46:01 2022] [Shooting] LuisPulga is shooting with Микро-ПП
[Mon Aug 15 19:46:01 2022] [Shooting] LuisPulga is shooting with Микро-ПП
[Mon Aug 15 19:46:01 2022] [Shooting] LuisPulga is shooting with Микро-ПП
[Mon Aug 15 19:46:01 2022] [Shooting] LuisPulga is shooting with Микро-ПП
[Mon Aug 15 19:46:01 2022] [Shooting] LuisPulga is shooting with Микро-ПП
[Mon Aug 15 19:46:01 2022] [Shooting] LuisPulga is shooting with Микро-ПП
[Mon Aug 15 19:46:02 2022] [Shooting] LuisPulga is shooting with Микро-ПП
[Mon Aug 15 19:46:02 2022] [Shooting] LuisPulga is shooting with Микро-ПП
[Mon Aug 15 19:46:02 2022] [Shooting] LuisPulga is shooting with Микро-ПП
[Mon Aug 15 19:46:02 2022] [Shooting] LuisPulga is shooting with Микро-ПП
[Mon Aug 15 19:46:02 2022] [Shooting] LuisPulga is shooting with Микро-ПП
[Mon Aug 15 19:46:02 2022] [Shooting] LuisPulga is shooting with Микро-ПП
[Mon Aug 15 19:46:02 2022] [Shooting] LuisPulga is shooting with Микро-ПП
[Mon Aug 15 19:46:02 2022] [Shooting] LuisPulga is shooting with Микро-ПП
[Mon Aug 15 19:46:03 2022] [Shooting] LuisPulga is shooting with Микро-ПП
[Mon Aug 15 19:46:03 2022] [Shooting] LuisPulga is shooting with Микро-ПП
[Mon Aug 15 19:46:03 2022] [Shooting] LuisPulga is shooting with Микро-ПП
[Mon Aug 15 19:46:03 2022] [Shooting] LuisPulga is shooting with Микро-ПП
[Mon Aug 15 19:46:03 2022] [Shooting] LuisPulga is shooting with Микро-ПП
[Mon Aug 15 19:46:03 2022] [Shooting] LuisPulga is shooting with Микро-ПП
[Mon Aug 15 19:46:03 2022] [Shooting] LuisPulga is shooting with Микро-ПП
[Mon Aug 15 19:46:03 2022] [Shooting] LuisPulga is shooting with Микро-ПП
[Mon Aug 15 19:46:07 2022] [Shooting] LuisPulga is shooting with Военная винтовка
[Mon Aug 15 19:46:07 2022] [Shooting] LuisPulga is shooting with Военная винтовка
[Mon Aug 15 19:46:07 2022] [Shooting] LuisPulga is shooting with Военная винтовка
[Mon Aug 15 19:46:58 2022] [Kill] KES1COUTO killed LuisPulga with Неконтактная мина
[Mon Aug 15 19:47:09 2022] [Shooting] ExitScam1337 is shooting
[Mon Aug 15 19:47:09 2022] [Shooting] ExitScam1337 is shooting
[Mon Aug 15 19:47:09 2022] [Shooting] ExitScam1337 is shooting
[Mon Aug 15 19:47:09 2022] [Shooting] ExitScam1337 is shooting
[Mon Aug 15 19:47:09 2022] [Shooting] ExitScam1337 is shooting
[Mon Aug 15 19:47:09 2022] [Shooting] ExitScam1337 is shooting
[Mon Aug 15 19:47:09 2022] [Shooting] ExitScam1337 is shooting
[Mon Aug 15 19:47:31 2022] [Kill] KES1COUTO killed LuisPulga with Микро-ПП
[Mon Aug 15 19:47:49 2022] [Shooting] LuisPulga is shooting with Военная винтовка
[Mon Aug 15 19:47:49 2022] [Shooting] LuisPulga is shooting with Военная винтовка
[Mon Aug 15 19:47:49 2022] [Shooting] LuisPulga is shooting with Военная винтовка
[Mon Aug 15 19:47:49 2022] [Shooting] LuisPulga is shooting with Военная винтовка
[Mon Aug 15 19:48:02 2022] [Shooting] LuisPulga is shooting with Микро-ПП
[Mon Aug 15 19:48:02 2022] [Shooting] LuisPulga is shooting with Микро-ПП
[Mon Aug 15 19:48:03 2022] [Shooting] LuisPulga is shooting with Микро-ПП
[Mon Aug 15 19:48:03 2022] [Shooting] LuisPulga is shooting with Микро-ПП
[Mon Aug 15 19:48:03 2022] [Shooting] LuisPulga is shooting with Микро-ПП
[Mon Aug 15 19:48:03 2022] [Shooting] LuisPulga is shooting with Микро-ПП
[Mon Aug 15 19:48:03 2022] [Shooting] LuisPulga is shooting with Микро-ПП
[Mon Aug 15 19:48:03 2022] [Shooting] LuisPulga is shooting with Микро-ПП
[Mon Aug 15 19:48:04 2022] [Shooting] LuisPulga is shooting with Микро-ПП
[Mon Aug 15 19:48:10 2022] [Shooting] KES1COUTO is shooting with Микро-ПП
[Mon Aug 15 19:48:10 2022] [Shooting] KES1COUTO is shooting with Микро-ПП
[Mon Aug 15 19:48:10 2022] [Shooting] KES1COUTO is shooting with Микро-ПП
[Mon Aug 15 19:48:10 2022] [Shooting] KES1COUTO is shooting with Микро-ПП
[Mon Aug 15 19:48:11 2022] [Shooting] KES1COUTO is shooting with Микро-ПП
[Mon Aug 15 19:48:11 2022] [Shooting] KES1COUTO is shooting with Микро-ПП
[Mon Aug 15 19:48:11 2022] [Shooting] KES1COUTO is shooting with Микро-ПП
[Mon Aug 15 19:48:11 2022] [Shooting] KES1COUTO is shooting with Микро-ПП
[Mon Aug 15 19:48:11 2022] [Shooting] KES1COUTO is shooting with Микро-ПП
[Mon Aug 15 19:48:11 2022] [Shooting] KES1COUTO is shooting with Микро-ПП
[Mon Aug 15 19:48:11 2022] [Shooting] KES1COUTO is shooting with Микро-ПП
[Mon Aug 15 19:48:11 2022] [Shooting] KES1COUTO is shooting with Микро-ПП
[Mon Aug 15 19:48:31 2022] [Kill] KES1COUTO died
[Mon Aug 15 19:48:32 2022] [Shooting] LuisPulga is shooting with Микро-ПП
[Mon Aug 15 19:48:33 2022] [Shooting] LuisPulga is shooting with Микро-ПП
[Mon Aug 15 19:48:33 2022] [Shooting] LuisPulga is shooting with Микро-ПП
[Mon Aug 15 19:48:33 2022] [Shooting] LuisPulga is shooting with Микро-ПП
[Mon Aug 15 19:48:33 2022] [Shooting] LuisPulga is shooting with Микро-ПП
[Mon Aug 15 19:48:33 2022] [Shooting] LuisPulga is shooting with Микро-ПП
[Mon Aug 15 19:48:33 2022] [Shooting] LuisPulga is shooting with Микро-ПП
[Mon Aug 15 19:48:34 2022] [Shooting] LuisPulga is shooting with Микро-ПП
[Mon Aug 15 19:48:34 2022] [Shooting] LuisPulga is shooting with Микро-ПП
[Mon Aug 15 19:48:34 2022] [Shooting] LuisPulga is shooting with Микро-ПП
[Mon Aug 15 19:48:34 2022] [Shooting] LuisPulga is shooting with Микро-ПП
[Mon Aug 15 19:48:34 2022] [Shooting] LuisPulga is shooting with Микро-ПП
[Mon Aug 15 19:48:34 2022] [Shooting] LuisPulga is shooting with Микро-ПП
[Mon Aug 15 19:48:34 2022] [Shooting] LuisPulga is shooting with Микро-ПП
[Mon Aug 15 19:48:34 2022] [Shooting] LuisPulga is shooting with Микро-ПП
[Mon Aug 15 19:48:34 2022] [Shooting] LuisPulga is shooting with Микро-ПП
[Mon Aug 15 19:48:41 2022] [Shooting] LuisPulga is shooting with Микро-ПП
[Mon Aug 15 19:48:42 2022] [Shooting] LuisPulga is shooting with Микро-ПП
[Mon Aug 15 19:48:42 2022] [Shooting] LuisPulga is shooting with Микро-ПП
[Mon Aug 15 19:48:42 2022] [Shooting] LuisPulga is shooting with Микро-ПП
[Mon Aug 15 19:48:42 2022] [Shooting] LuisPulga is shooting with Микро-ПП
[Mon Aug 15 19:48:42 2022] [Shooting] LuisPulga is shooting with Микро-ПП
[Mon Aug 15 19:48:42 2022] [Shooting] LuisPulga is shooting with Микро-ПП
[Mon Aug 15 19:48:42 2022] [Shooting] LuisPulga is shooting with Микро-ПП
[Mon Aug 15 19:48:42 2022] [Shooting] LuisPulga is shooting with Микро-ПП
[Mon Aug 15 19:48:42 2022] [Shooting] LuisPulga is shooting with Микро-ПП
[Mon Aug 15 19:48:42 2022] [Shooting] LuisPulga is shooting with Микро-ПП
[Mon Aug 15 19:48:43 2022] [Shooting] LuisPulga is shooting with Микро-ПП
[Mon Aug 15 19:48:43 2022] [Shooting] LuisPulga is shooting with Микро-ПП
[Mon Aug 15 19:48:43 2022] [Shooting] LuisPulga is shooting with Микро-ПП
[Mon Aug 15 19:48:43 2022] [Shooting] LuisPulga is shooting with Микро-ПП
[Mon Aug 15 19:48:43 2022] [Shooting] LuisPulga is shooting with Микро-ПП
[Mon Aug 15 19:48:43 2022] [Shooting] LuisPulga is shooting with Микро-ПП
[Mon Aug 15 19:48:43 2022] [Shooting] LuisPulga is shooting with Микро-ПП
[Mon Aug 15 19:48:43 2022] [Shooting] LuisPulga is shooting with Микро-ПП
[Mon Aug 15 19:48:43 2022] [Shooting] LuisPulga is shooting with Микро-ПП
[Mon Aug 15 19:48:44 2022] [Shooting] LuisPulga is shooting with Микро-ПП
[Mon Aug 15 19:48:44 2022] [Shooting] LuisPulga is shooting with Микро-ПП
[Mon Aug 15 19:48:44 2022] [Shooting] LuisPulga is shooting with Микро-ПП
[Mon Aug 15 19:48:44 2022] [Shooting] LuisPulga is shooting with Микро-ПП
[Mon Aug 15 19:48:44 2022] [Shooting] LuisPulga is shooting with Микро-ПП
[Mon Aug 15 19:48:45 2022] [Shooting] LuisPulga is shooting with Микро-ПП
[Mon Aug 15 19:48:45 2022] [Shooting] LuisPulga is shooting with Микро-ПП
[Mon Aug 15 19:48:45 2022] [Shooting] LuisPulga is shooting with Микро-ПП
[Mon Aug 15 19:48:45 2022] [Shooting] LuisPulga is shooting with Микро-ПП
[Mon Aug 15 19:48:45 2022] [Shooting] LuisPulga is shooting with Микро-ПП
[Mon Aug 15 19:48:47 2022] [Shooting] LuisPulga is shooting with Микро-ПП
[Mon Aug 15 19:48:47 2022] [Shooting] LuisPulga is shooting with Микро-ПП
[Mon Aug 15 19:48:47 2022] [Shooting] LuisPulga is shooting with Микро-ПП
[Mon Aug 15 19:48:47 2022] [Shooting] LuisPulga is shooting with Микро-ПП
[Mon Aug 15 19:48:47 2022] [Shooting] LuisPulga is shooting with Микро-ПП
[Mon Aug 15 19:48:48 2022] [Shooting] LuisPulga is shooting with Микро-ПП
[Mon Aug 15 19:48:48 2022] [Shooting] LuisPulga is shooting with Микро-ПП
[Mon Aug 15 19:48:48 2022] [Shooting] LuisPulga is shooting with Микро-ПП
[Mon Aug 15 19:48:48 2022] [Shooting] LuisPulga is shooting with Микро-ПП
[Mon Aug 15 19:48:48 2022] [Shooting] LuisPulga is shooting with Микро-ПП
[Mon Aug 15 19:48:48 2022] [Shooting] LuisPulga is shooting with Микро-ПП
[Mon Aug 15 19:48:48 2022] [Shooting] LuisPulga is shooting with Микро-ПП
[Mon Aug 15 19:48:48 2022] [Shooting] LuisPulga is shooting with Микро-ПП
[Mon Aug 15 19:48:49 2022] [Shooting] LuisPulga is shooting with Микро-ПП
[Mon Aug 15 19:48:49 2022] [Shooting] LuisPulga is shooting with Микро-ПП
[Mon Aug 15 19:48:51 2022] [Shooting] LuisPulga is shooting with Микро-ПП
[Mon Aug 15 19:48:51 2022] [Shooting] LuisPulga is shooting with Микро-ПП
[Mon Aug 15 19:48:51 2022] [Shooting] LuisPulga is shooting with Микро-ПП
[Mon Aug 15 19:48:51 2022] [Shooting] LuisPulga is shooting with Микро-ПП
[Mon Aug 15 19:48:51 2022] [Shooting] LuisPulga is shooting with Микро-ПП
[Mon Aug 15 19:48:54 2022] [Shooting] LuisPulga is shooting with Микро-ПП
[Mon Aug 15 19:48:54 2022] [Shooting] LuisPulga is shooting with Микро-ПП
[Mon Aug 15 19:48:55 2022] [Shooting] LuisPulga is shooting with Микро-ПП
[Mon Aug 15 19:48:55 2022] [Shooting] LuisPulga is shooting with Микро-ПП
[Mon Aug 15 19:48:55 2022] [Shooting] LuisPulga is shooting with Микро-ПП
[Mon Aug 15 19:48:55 2022] [Shooting] LuisPulga is shooting with Микро-ПП
[Mon Aug 15 19:48:55 2022] [Shooting] LuisPulga is shooting with Микро-ПП
[Mon Aug 15 19:48:55 2022] [Shooting] LuisPulga is shooting with Микро-ПП
[Mon Aug 15 19:48:55 2022] [Shooting] LuisPulga is shooting with Микро-ПП
[Mon Aug 15 19:48:55 2022] [Shooting] LuisPulga is shooting with Микро-ПП
[Mon Aug 15 19:48:56 2022] [Shooting] LuisPulga is shooting with Микро-ПП
[Mon Aug 15 19:48:56 2022] [Shooting] KES1COUTO is shooting
[Mon Aug 15 19:48:59 2022] [Shooting] KES1COUTO is shooting
[Mon Aug 15 19:49:02 2022] [Shooting] KES1COUTO is shooting
[Mon Aug 15 19:49:05 2022] [Shooting] KES1COUTO is shooting
[Mon Aug 15 19:49:11 2022] [Shooting] LuisPulga is shooting with Микро-ПП
[Mon Aug 15 19:49:11 2022] [Shooting] LuisPulga is shooting with Микро-ПП
[Mon Aug 15 19:49:11 2022] [Shooting] LuisPulga is shooting with Микро-ПП
[Mon Aug 15 19:49:11 2022] [Shooting] LuisPulga is shooting with Микро-ПП
[Mon Aug 15 19:49:12 2022] [Shooting] LuisPulga is shooting with Микро-ПП
[Mon Aug 15 19:49:12 2022] [Shooting] LuisPulga is shooting with Микро-ПП
[Mon Aug 15 19:49:12 2022] [Shooting] LuisPulga is shooting with Микро-ПП
[Mon Aug 15 19:49:12 2022] [Shooting] LuisPulga is shooting with Микро-ПП
[Mon Aug 15 19:49:12 2022] [Shooting] LuisPulga is shooting with Микро-ПП
[Mon Aug 15 19:49:12 2022] [Shooting] LuisPulga is shooting with Микро-ПП
[Mon Aug 15 19:49:12 2022] [Shooting] LuisPulga is shooting with Микро-ПП
[Mon Aug 15 19:49:12 2022] [Shooting] LuisPulga is shooting with Микро-ПП
[Mon Aug 15 19:49:12 2022] [Shooting] LuisPulga is shooting with Микро-ПП
[Mon Aug 15 19:49:12 2022] [Shooting] LuisPulga is shooting with Микро-ПП
[Mon Aug 15 19:49:13 2022] [Shooting] LuisPulga is shooting with Микро-ПП
[Mon Aug 15 19:49:13 2022] [Shooting] LuisPulga is shooting with Микро-ПП
[Mon Aug 15 19:49:13 2022] [Shooting] LuisPulga is shooting with Микро-ПП
[Mon Aug 15 19:49:13 2022] [Shooting] LuisPulga is shooting with Микро-ПП
[Mon Aug 15 19:49:13 2022] [Shooting] LuisPulga is shooting with Микро-ПП
[Mon Aug 15 19:49:13 2022] [Shooting] LuisPulga is shooting with Микро-ПП
[Mon Aug 15 19:49:13 2022] [Shooting] LuisPulga is shooting with Микро-ПП
[Mon Aug 15 19:49:13 2022] [Shooting] KES1COUTO is shooting
[Mon Aug 15 19:49:13 2022] [Shooting] LuisPulga is shooting with Микро-ПП
[Mon Aug 15 19:49:13 2022] [Shooting] LuisPulga is shooting with Микро-ПП
[Mon Aug 15 19:49:13 2022] [Shooting] LuisPulga is shooting with Микро-ПП
[Mon Aug 15 19:49:14 2022] [Shooting] LuisPulga is shooting with Микро-ПП
[Mon Aug 15 19:49:16 2022] [Shooting] LuisPulga is shooting with Микро-ПП
[Mon Aug 15 19:52:05 2022] [Kill] EstupidoPolla died
[Mon Aug 15 19:53:02 2022] [Kill] ptsoucanal killed n0xside with Пистолет
[Mon Aug 15 19:53:32 2022] [Kill] Ryzex_Xcub killed RushB_13 with Микро-ПП
[Mon Aug 15 19:53:41 2022] [Kill] Ryzex_Xcub died
[Mon Aug 15 19:53:48 2022] [Kill] DerRupatche died
[Mon Aug 15 19:53:54 2022] [Shooting] ExitScam1337 is shooting
[Mon Aug 15 19:53:54 2022] [Shooting] ExitScam1337 is shooting
[Mon Aug 15 19:53:54 2022] [Shooting] ExitScam1337 is shooting
[Mon Aug 15 19:53:54 2022] [Shooting] ExitScam1337 is shooting
[Mon Aug 15 19:53:54 2022] [Shooting] ExitScam1337 is shooting
[Mon Aug 15 19:53:54 2022] [Shooting] ExitScam1337 is shooting
[Mon Aug 15 19:53:54 2022] [Shooting] ExitScam1337 is shooting
[Mon Aug 15 19:53:54 2022] [Shooting] ExitScam1337 is shooting
[Mon Aug 15 19:53:54 2022] [Shooting] ExitScam1337 is shooting
[Mon Aug 15 19:53:55 2022] [Shooting] ExitScam1337 is shooting
[Mon Aug 15 19:53:55 2022] [Shooting] ExitScam1337 is shooting
[Mon Aug 15 19:53:55 2022] [Shooting] ExitScam1337 is shooting
[Mon Aug 15 19:53:55 2022] [Shooting] ExitScam1337 is shooting
[Mon Aug 15 19:53:55 2022] [Kill] n0xside died
[Mon Aug 15 19:54:26 2022] [Shooting] ExitScam1337 is shooting
[Mon Aug 15 19:54:26 2022] [Shooting] ExitScam1337 is shooting
[Mon Aug 15 19:54:26 2022] [Shooting] ExitScam1337 is shooting
[Mon Aug 15 19:54:26 2022] [Shooting] ExitScam1337 is shooting
[Mon Aug 15 19:54:26 2022] [Shooting] ExitScam1337 is shooting
[Mon Aug 15 19:54:26 2022] [Shooting] ExitScam1337 is shooting
[Mon Aug 15 19:54:30 2022] [Shooting] ExitScam1337 is shooting
[Mon Aug 15 19:54:30 2022] [Shooting] ExitScam1337 is shooting
[Mon Aug 15 19:54:30 2022] [Shooting] ExitScam1337 is shooting
[Mon Aug 15 19:54:30 2022] [Shooting] ExitScam1337 is shooting
[Mon Aug 15 19:54:31 2022] [Shooting] ExitScam1337 is shooting
[Mon Aug 15 19:54:32 2022] [Shooting] ExitScam1337 is shooting
[Mon Aug 15 19:54:32 2022] [Shooting] ExitScam1337 is shooting
[Mon Aug 15 19:54:32 2022] [Shooting] ExitScam1337 is shooting
[Mon Aug 15 19:54:32 2022] [Shooting] ExitScam1337 is shooting
[Mon Aug 15 19:54:32 2022] [Shooting] ExitScam1337 is shooting
[Mon Aug 15 19:54:32 2022] [Shooting] ExitScam1337 is shooting
[Mon Aug 15 19:54:33 2022] [Kill] n0xside died
[Mon Aug 15 19:57:43 2022] [Kill] funnyLukas2603 died
[Mon Aug 15 19:58:30 2022] [Shooting] F1erce_fenr1r is shooting with Автоматическая винтовка
[Mon Aug 15 19:58:30 2022] [Shooting] F1erce_fenr1r is shooting with Автоматическая винтовка
[Mon Aug 15 19:58:30 2022] [Shooting] F1erce_fenr1r is shooting with Автоматическая винтовка
[Mon Aug 15 19:58:30 2022] [Shooting] F1erce_fenr1r is shooting with Автоматическая винтовка
[Mon Aug 15 19:58:30 2022] [Shooting] F1erce_fenr1r is shooting with Автоматическая винтовка
[Mon Aug 15 19:58:31 2022] [Shooting] F1erce_fenr1r is shooting with Автоматическая винтовка
[Mon Aug 15 19:58:31 2022] [Shooting] F1erce_fenr1r is shooting with Автоматическая винтовка
[Mon Aug 15 19:58:31 2022] [Shooting] F1erce_fenr1r is shooting with Автоматическая винтовка
[Mon Aug 15 19:58:31 2022] [Shooting] F1erce_fenr1r is shooting with Автоматическая винтовка
[Mon Aug 15 19:58:31 2022] [Shooting] F1erce_fenr1r is shooting with Автоматическая винтовка
[Mon Aug 15 19:58:31 2022] [Shooting] F1erce_fenr1r is shooting with Автоматическая винтовка
[Mon Aug 15 19:58:31 2022] [Shooting] F1erce_fenr1r is shooting with Автоматическая винтовка
[Mon Aug 15 19:58:31 2022] [Shooting] F1erce_fenr1r is shooting with Автоматическая винтовка
[Mon Aug 15 19:58:32 2022] [Shooting] F1erce_fenr1r is shooting with Автоматическая винтовка
[Mon Aug 15 19:58:32 2022] [Shooting] F1erce_fenr1r is shooting with Автоматическая винтовка
[Mon Aug 15 19:58:32 2022] [Shooting] F1erce_fenr1r is shooting with Автоматическая винтовка
[Mon Aug 15 19:58:32 2022] [Shooting] F1erce_fenr1r is shooting with Автоматическая винтовка
[Mon Aug 15 19:58:32 2022] [Shooting] F1erce_fenr1r is shooting with Автоматическая винтовка
[Mon Aug 15 19:58:32 2022] [Shooting] F1erce_fenr1r is shooting with Автоматическая винтовка
[Mon Aug 15 19:58:50 2022] [Shooting] F1erce_fenr1r is shooting with Автоматическая винтовка
[Mon Aug 15 20:00:46 2022] [Shooting] Patapung is shooting with Тяжелая снайперская Mk II
[Mon Aug 15 20:00:47 2022] [Shooting] Patapung is shooting with Тяжелая снайперская Mk II
[Mon Aug 15 20:00:51 2022] [Kill] Patapung died
[Mon Aug 15 20:00:56 2022] [Shooting] ExitScam1337 is shooting
[Mon Aug 15 20:00:56 2022] [Shooting] ExitScam1337 is shooting
[Mon Aug 15 20:00:56 2022] [Shooting] ExitScam1337 is shooting
[Mon Aug 15 20:00:56 2022] [Shooting] ExitScam1337 is shooting
[Mon Aug 15 20:00:56 2022] [Shooting] ExitScam1337 is shooting
[Mon Aug 15 20:00:57 2022] [Shooting] ExitScam1337 is shooting
[Mon Aug 15 20:00:57 2022] [Shooting] ExitScam1337 is shooting
[Mon Aug 15 20:00:57 2022] [Shooting] ExitScam1337 is shooting
[Mon Aug 15 20:00:57 2022] [Shooting] ExitScam1337 is shooting
[Mon Aug 15 20:00:58 2022] [Shooting] ExitScam1337 is shooting
[Mon Aug 15 20:00:58 2022] [Shooting] ExitScam1337 is shooting
[Mon Aug 15 20:00:58 2022] [Shooting] ExitScam1337 is shooting
[Mon Aug 15 20:00:58 2022] [Shooting] ExitScam1337 is shooting
[Mon Aug 15 20:00:58 2022] [Shooting] ExitScam1337 is shooting
[Mon Aug 15 20:00:59 2022] [Kill] czacha6969 died
[Mon Aug 15 20:01:29 2022] [Shooting] Patapung is shooting with Особый карабин Mk II
[Mon Aug 15 20:01:29 2022] [Shooting] Patapung is shooting with Особый карабин Mk II
[Mon Aug 15 20:01:29 2022] [Shooting] Patapung is shooting with Особый карабин Mk II
[Mon Aug 15 20:01:29 2022] [Shooting] Patapung is shooting with Особый карабин Mk II
[Mon Aug 15 20:01:29 2022] [Shooting] Patapung is shooting with Особый карабин Mk II
[Mon Aug 15 20:01:29 2022] [Shooting] Patapung is shooting with Особый карабин Mk II
[Mon Aug 15 20:01:29 2022] [Shooting] Patapung is shooting with Особый карабин Mk II
[Mon Aug 15 20:01:29 2022] [Shooting] Patapung is shooting with Особый карабин Mk II
[Mon Aug 15 20:01:30 2022] [Shooting] Patapung is shooting with Особый карабин Mk II
[Mon Aug 15 20:01:30 2022] [Shooting] Patapung is shooting with Особый карабин Mk II
[Mon Aug 15 20:01:30 2022] [Shooting] Patapung is shooting with Особый карабин Mk II
[Mon Aug 15 20:01:30 2022] [Shooting] Patapung is shooting with Особый карабин Mk II
[Mon Aug 15 20:01:30 2022] [Shooting] Patapung is shooting with Особый карабин Mk II
[Mon Aug 15 20:01:35 2022] [Shooting] ExitScam1337 is shooting
[Mon Aug 15 20:01:35 2022] [Shooting] ExitScam1337 is shooting
[Mon Aug 15 20:01:36 2022] [Shooting] ExitScam1337 is shooting
[Mon Aug 15 20:01:36 2022] [Shooting] ExitScam1337 is shooting
[Mon Aug 15 20:01:36 2022] [Shooting] ExitScam1337 is shooting
[Mon Aug 15 20:01:36 2022] [Shooting] ExitScam1337 is shooting
[Mon Aug 15 20:01:36 2022] [Shooting] ExitScam1337 is shooting
[Mon Aug 15 20:01:37 2022] [Shooting] ExitScam1337 is shooting
[Mon Aug 15 20:01:37 2022] [Shooting] ExitScam1337 is shooting
[Mon Aug 15 20:01:37 2022] [Shooting] ExitScam1337 is shooting
[Mon Aug 15 20:01:37 2022] [Shooting] ExitScam1337 is shooting
[Mon Aug 15 20:01:37 2022] [Shooting] ExitScam1337 is shooting
[Mon Aug 15 20:01:37 2022] [Shooting] ExitScam1337 is shooting
[Mon Aug 15 20:01:38 2022] [Shooting] ExitScam1337 is shooting
[Mon Aug 15 20:01:38 2022] [Shooting] ExitScam1337 is shooting
[Mon Aug 15 20:01:38 2022] [Shooting] ExitScam1337 is shooting
[Mon Aug 15 20:01:38 2022] [Kill] Matejasampion died
[Mon Aug 15 20:01:38 2022] [Shooting] ExitScam1337 is shooting
[Mon Aug 15 20:01:40 2022] [Shooting] Patapung is shooting with Особый карабин Mk II
[Mon Aug 15 20:01:44 2022] [Shooting] funnyLukas2603 is shooting with Микро-ПП
[Mon Aug 15 20:01:44 2022] [Shooting] funnyLukas2603 is shooting with Микро-ПП
[Mon Aug 15 20:01:44 2022] [Shooting] funnyLukas2603 is shooting with Микро-ПП
[Mon Aug 15 20:01:44 2022] [Shooting] funnyLukas2603 is shooting with Микро-ПП
[Mon Aug 15 20:01:44 2022] [Shooting] funnyLukas2603 is shooting with Микро-ПП
[Mon Aug 15 20:01:54 2022] [Shooting] Patapung is shooting with Особый карабин Mk II
[Mon Aug 15 20:01:54 2022] [Shooting] Patapung is shooting with Особый карабин Mk II
[Mon Aug 15 20:01:54 2022] [Shooting] Patapung is shooting with Особый карабин Mk II
[Mon Aug 15 20:01:56 2022] [Shooting] Patapung is shooting with Особый карабин Mk II
[Mon Aug 15 20:01:56 2022] [Shooting] Patapung is shooting with Особый карабин Mk II
[Mon Aug 15 20:01:56 2022] [Shooting] Patapung is shooting with Особый карабин Mk II
[Mon Aug 15 20:01:56 2022] [Shooting] Patapung is shooting with Особый карабин Mk II
[Mon Aug 15 20:01:57 2022] [Shooting] Patapung is shooting with Особый карабин Mk II
[Mon Aug 15 20:01:57 2022] [Shooting] Patapung is shooting with Особый карабин Mk II
[Mon Aug 15 20:01:58 2022] [Shooting] Patapung is shooting with Особый карабин Mk II
[Mon Aug 15 20:01:58 2022] [Shooting] Patapung is shooting with Особый карабин Mk II
[Mon Aug 15 20:01:58 2022] [Shooting] Patapung is shooting with Особый карабин Mk II
[Mon Aug 15 20:01:58 2022] [Shooting] Patapung is shooting with Особый карабин Mk II
[Mon Aug 15 20:01:59 2022] [Shooting] Patapung is shooting with Особый карабин Mk II
[Mon Aug 15 20:01:59 2022] [Shooting] Patapung is shooting with Особый карабин Mk II
[Mon Aug 15 20:01:59 2022] [Shooting] Patapung is shooting with Особый карабин Mk II
[Mon Aug 15 20:01:59 2022] [Shooting] Patapung is shooting with Особый карабин Mk II
[Mon Aug 15 20:01:59 2022] [Shooting] Patapung is shooting with Особый карабин Mk II
[Mon Aug 15 20:01:59 2022] [Shooting] Patapung is shooting with Особый карабин Mk II
[Mon Aug 15 20:01:59 2022] [Shooting] Patapung is shooting with Особый карабин Mk II
[Mon Aug 15 20:02:00 2022] [Shooting] Patapung is shooting with Особый карабин Mk II
[Mon Aug 15 20:02:00 2022] [Shooting] Patapung is shooting with Особый карабин Mk II
[Mon Aug 15 20:02:00 2022] [Shooting] Patapung is shooting with Особый карабин Mk II
[Mon Aug 15 20:02:00 2022] [Shooting] Patapung is shooting with Особый карабин Mk II
[Mon Aug 15 20:02:00 2022] [Shooting] Patapung is shooting with Особый карабин Mk II
[Mon Aug 15 20:02:05 2022] [Shooting] Patapung is shooting with Особый карабин Mk II
[Mon Aug 15 20:02:08 2022] [Shooting] Patapung is shooting with Особый карабин Mk II
[Mon Aug 15 20:02:11 2022] [Shooting] Patapung is shooting with Особый карабин Mk II
[Mon Aug 15 20:02:12 2022] [Shooting] Patapung is shooting with Особый карабин Mk II
[Mon Aug 15 20:02:22 2022] [Shooting] Patapung is shooting with Особый карабин Mk II
[Mon Aug 15 20:02:38 2022] [Shooting] ExitScam1337 is shooting
[Mon Aug 15 20:02:38 2022] [Shooting] ExitScam1337 is shooting
[Mon Aug 15 20:02:38 2022] [Shooting] ExitScam1337 is shooting
[Mon Aug 15 20:02:38 2022] [Shooting] ExitScam1337 is shooting
[Mon Aug 15 20:02:38 2022] [Shooting] ExitScam1337 is shooting
[Mon Aug 15 20:02:38 2022] [Shooting] ExitScam1337 is shooting
[Mon Aug 15 20:02:39 2022] [Shooting] ExitScam1337 is shooting
[Mon Aug 15 20:02:39 2022] [Shooting] ExitScam1337 is shooting
[Mon Aug 15 20:02:39 2022] [Shooting] ExitScam1337 is shooting
[Mon Aug 15 20:02:39 2022] [Shooting] ExitScam1337 is shooting
[Mon Aug 15 20:02:39 2022] [Shooting] ExitScam1337 is shooting
[Mon Aug 15 20:02:39 2022] [Kill] Ajfoxz died
[Mon Aug 15 20:02:39 2022] [Shooting] ExitScam1337 is shooting
[Mon Aug 15 20:02:39 2022] [Shooting] ExitScam1337 is shooting
[Mon Aug 15 20:02:40 2022] [Shooting] ExitScam1337 is shooting
[Mon Aug 15 20:02:49 2022] [Shooting] Morken_ is shooting with Мини-ПП
[Mon Aug 15 20:02:50 2022] [Shooting] Morken_ is shooting with Мини-ПП
[Mon Aug 15 20:02:50 2022] [Shooting] Morken_ is shooting with Мини-ПП
[Mon Aug 15 20:02:50 2022] [Shooting] Morken_ is shooting with Мини-ПП
[Mon Aug 15 20:02:50 2022] [Shooting] Morken_ is shooting with Мини-ПП
[Mon Aug 15 20:02:50 2022] [Shooting] Morken_ is shooting with Мини-ПП
[Mon Aug 15 20:02:50 2022] [Shooting] Morken_ is shooting with Мини-ПП
[Mon Aug 15 20:02:50 2022] [Shooting] Morken_ is shooting with Мини-ПП
[Mon Aug 15 20:02:50 2022] [Shooting] Morken_ is shooting with Мини-ПП
[Mon Aug 15 20:02:50 2022] [Shooting] Morken_ is shooting with Мини-ПП
[Mon Aug 15 20:02:50 2022] [Shooting] Morken_ is shooting with Мини-ПП
[Mon Aug 15 20:02:50 2022] [Shooting] Morken_ is shooting with Мини-ПП
[Mon Aug 15 20:02:51 2022] [Shooting] Morken_ is shooting with Мини-ПП
[Mon Aug 15 20:02:51 2022] [Shooting] Morken_ is shooting with Мини-ПП
[Mon Aug 15 20:02:51 2022] [Shooting] Morken_ is shooting with Мини-ПП
[Mon Aug 15 20:02:51 2022] [Shooting] Morken_ is shooting with Мини-ПП
[Mon Aug 15 20:02:51 2022] [Shooting] Morken_ is shooting with Мини-ПП
[Mon Aug 15 20:02:51 2022] [Shooting] Morken_ is shooting with Мини-ПП
[Mon Aug 15 20:02:56 2022] [Shooting] Morken_ is shooting with Мини-ПП
[Mon Aug 15 20:02:56 2022] [Shooting] Morken_ is shooting with Мини-ПП
[Mon Aug 15 20:02:56 2022] [Shooting] Morken_ is shooting with Мини-ПП
[Mon Aug 15 20:02:56 2022] [Shooting] Morken_ is shooting with Мини-ПП
[Mon Aug 15 20:02:56 2022] [Shooting] Morken_ is shooting with Мини-ПП
[Mon Aug 15 20:02:56 2022] [Shooting] Morken_ is shooting with Мини-ПП
[Mon Aug 15 20:02:56 2022] [Shooting] Morken_ is shooting with Мини-ПП
[Mon Aug 15 20:02:57 2022] [Shooting] Morken_ is shooting with Мини-ПП
[Mon Aug 15 20:02:57 2022] [Shooting] Morken_ is shooting with Мини-ПП
[Mon Aug 15 20:02:57 2022] [Shooting] Morken_ is shooting with Мини-ПП
[Mon Aug 15 20:02:57 2022] [Shooting] Morken_ is shooting with Мини-ПП
[Mon Aug 15 20:02:57 2022] [Shooting] Morken_ is shooting with Мини-ПП
[Mon Aug 15 20:02:57 2022] [Shooting] Morken_ is shooting with Мини-ПП
[Mon Aug 15 20:02:57 2022] [Shooting] Morken_ is shooting with Мини-ПП
[Mon Aug 15 20:02:57 2022] [Shooting] Morken_ is shooting with Мини-ПП
[Mon Aug 15 20:02:57 2022] [Shooting] Morken_ is shooting with Мини-ПП
[Mon Aug 15 20:02:57 2022] [Shooting] Morken_ is shooting with Мини-ПП
[Mon Aug 15 20:02:57 2022] [Shooting] Morken_ is shooting with Мини-ПП
[Mon Aug 15 20:02:58 2022] [Shooting] ExitScam1337 is shooting
[Mon Aug 15 20:02:58 2022] [Shooting] ExitScam1337 is shooting
[Mon Aug 15 20:02:58 2022] [Shooting] Morken_ is shooting with Мини-ПП
[Mon Aug 15 20:02:58 2022] [Shooting] ExitScam1337 is shooting
[Mon Aug 15 20:02:58 2022] [Shooting] ExitScam1337 is shooting
[Mon Aug 15 20:02:58 2022] [Shooting] Morken_ is shooting with Мини-ПП
[Mon Aug 15 20:03:02 2022] [Shooting] ExitScam1337 is shooting
[Mon Aug 15 20:03:03 2022] [Shooting] ExitScam1337 is shooting
[Mon Aug 15 20:03:04 2022] [Shooting] ExitScam1337 is shooting
[Mon Aug 15 20:03:05 2022] [Shooting] ExitScam1337 is shooting
[Mon Aug 15 20:03:06 2022] [Shooting] ExitScam1337 is shooting
[Mon Aug 15 20:03:07 2022] [Shooting] ExitScam1337 is shooting
[Mon Aug 15 20:03:08 2022] [Shooting] ExitScam1337 is shooting
[Mon Aug 15 20:03:09 2022] [Shooting] ExitScam1337 is shooting
[Mon Aug 15 20:03:10 2022] [Shooting] ExitScam1337 is shooting
[Mon Aug 15 20:03:11 2022] [Shooting] ExitScam1337 is shooting
[Mon Aug 15 20:03:12 2022] [Shooting] ExitScam1337 is shooting
[Mon Aug 15 20:03:13 2022] [Shooting] Patapung is shooting with Особый карабин Mk II
[Mon Aug 15 20:03:13 2022] [Shooting] ExitScam1337 is shooting
[Mon Aug 15 20:03:13 2022] [Shooting] Patapung is shooting with Особый карабин Mk II
[Mon Aug 15 20:03:13 2022] [Shooting] Patapung is shooting with Особый карабин Mk II
[Mon Aug 15 20:03:13 2022] [Shooting] Patapung is shooting with Особый карабин Mk II
[Mon Aug 15 20:03:14 2022] [Shooting] ExitScam1337 is shooting
[Mon Aug 15 20:03:15 2022] [Shooting] ExitScam1337 is shooting
[Mon Aug 15 20:03:16 2022] [Shooting] ExitScam1337 is shooting
[Mon Aug 15 20:03:17 2022] [Shooting] ExitScam1337 is shooting
[Mon Aug 15 20:03:18 2022] [Kill] Patapung killed Semeckha with Особый карабин Mk II
[Mon Aug 15 20:03:18 2022] [Shooting] ExitScam1337 is shooting
[Mon Aug 15 20:03:19 2022] [Shooting] ExitScam1337 is shooting
[Mon Aug 15 20:03:24 2022] [Shooting] ExitScam1337 is shooting
[Mon Aug 15 20:03:25 2022] [Shooting] ExitScam1337 is shooting
[Mon Aug 15 20:03:26 2022] [Shooting] ExitScam1337 is shooting
[Mon Aug 15 20:03:27 2022] [Shooting] ExitScam1337 is shooting
[Mon Aug 15 20:03:28 2022] [Shooting] ExitScam1337 is shooting
[Mon Aug 15 20:03:29 2022] [Shooting] ExitScam1337 is shooting
[Mon Aug 15 20:03:30 2022] [Shooting] ExitScam1337 is shooting
[Mon Aug 15 20:03:31 2022] [Shooting] ExitScam1337 is shooting
[Mon Aug 15 20:03:33 2022] [Shooting] ExitScam1337 is shooting
[Mon Aug 15 20:03:34 2022] [Shooting] ExitScam1337 is shooting
[Mon Aug 15 20:03:36 2022] [Shooting] Semeckha is shooting with ПП
[Mon Aug 15 20:03:38 2022] [Shooting] ExitScam1337 is shooting
[Mon Aug 15 20:03:39 2022] [Shooting] ExitScam1337 is shooting
[Mon Aug 15 20:03:40 2022] [Shooting] ExitScam1337 is shooting
[Mon Aug 15 20:03:41 2022] [Shooting] ExitScam1337 is shooting
[Mon Aug 15 20:03:42 2022] [Shooting] ExitScam1337 is shooting
[Mon Aug 15 20:03:42 2022] [Kill] czacha6969 died
[Mon Aug 15 20:03:43 2022] [Shooting] ExitScam1337 is shooting
[Mon Aug 15 20:03:44 2022] [Shooting] ExitScam1337 is shooting
[Mon Aug 15 20:03:45 2022] [Shooting] ExitScam1337 is shooting
[Mon Aug 15 20:03:46 2022] [Shooting] ExitScam1337 is shooting
[Mon Aug 15 20:03:47 2022] [Shooting] ExitScam1337 is shooting
[Mon Aug 15 20:03:51 2022] [Kill] DmytriyVolovskoy died
[Mon Aug 15 20:03:56 2022] [Shooting] funnyLukas2603 is shooting with Микро-ПП
[Mon Aug 15 20:03:57 2022] [Shooting] funnyLukas2603 is shooting with Микро-ПП
[Mon Aug 15 20:03:57 2022] [Shooting] funnyLukas2603 is shooting with Микро-ПП
[Mon Aug 15 20:03:57 2022] [Shooting] funnyLukas2603 is shooting with Микро-ПП
[Mon Aug 15 20:03:57 2022] [Shooting] funnyLukas2603 is shooting with Микро-ПП
[Mon Aug 15 20:03:57 2022] [Shooting] funnyLukas2603 is shooting with Микро-ПП
[Mon Aug 15 20:03:57 2022] [Shooting] funnyLukas2603 is shooting with Микро-ПП
[Mon Aug 15 20:03:57 2022] [Shooting] funnyLukas2603 is shooting with Микро-ПП
[Mon Aug 15 20:03:57 2022] [Shooting] funnyLukas2603 is shooting with Микро-ПП
[Mon Aug 15 20:03:58 2022] [Shooting] funnyLukas2603 is shooting with Микро-ПП
[Mon Aug 15 20:03:58 2022] [Shooting] funnyLukas2603 is shooting with Микро-ПП
[Mon Aug 15 20:03:58 2022] [Shooting] funnyLukas2603 is shooting with Микро-ПП
[Mon Aug 15 20:03:58 2022] [Shooting] funnyLukas2603 is shooting with Микро-ПП
[Mon Aug 15 20:03:58 2022] [Shooting] funnyLukas2603 is shooting with Микро-ПП
[Mon Aug 15 20:03:58 2022] [Shooting] funnyLukas2603 is shooting with Микро-ПП
[Mon Aug 15 20:03:58 2022] [Shooting] funnyLukas2603 is shooting with Микро-ПП
[Mon Aug 15 20:04:01 2022] [Shooting] funnyLukas2603 is shooting with Микро-ПП
[Mon Aug 15 20:04:01 2022] [Shooting] funnyLukas2603 is shooting with Микро-ПП
[Mon Aug 15 20:04:01 2022] [Shooting] funnyLukas2603 is shooting with Микро-ПП
[Mon Aug 15 20:04:01 2022] [Shooting] funnyLukas2603 is shooting with Микро-ПП
[Mon Aug 15 20:04:01 2022] [Shooting] funnyLukas2603 is shooting with Микро-ПП
[Mon Aug 15 20:04:02 2022] [Shooting] funnyLukas2603 is shooting with Микро-ПП
[Mon Aug 15 20:04:02 2022] [Shooting] funnyLukas2603 is shooting with Микро-ПП
[Mon Aug 15 20:04:02 2022] [Shooting] funnyLukas2603 is shooting with Микро-ПП
[Mon Aug 15 20:04:02 2022] [Shooting] funnyLukas2603 is shooting with Микро-ПП
[Mon Aug 15 20:04:02 2022] [Shooting] funnyLukas2603 is shooting with Микро-ПП
[Mon Aug 15 20:04:03 2022] [Shooting] funnyLukas2603 is shooting with Микро-ПП
[Mon Aug 15 20:04:03 2022] [Shooting] funnyLukas2603 is shooting with Микро-ПП
[Mon Aug 15 20:04:03 2022] [Shooting] funnyLukas2603 is shooting with Микро-ПП
[Mon Aug 15 20:04:03 2022] [Shooting] funnyLukas2603 is shooting with Микро-ПП
[Mon Aug 15 20:04:03 2022] [Shooting] funnyLukas2603 is shooting with Микро-ПП
[Mon Aug 15 20:04:03 2022] [Shooting] funnyLukas2603 is shooting with Микро-ПП
[Mon Aug 15 20:04:12 2022] [Kill] funnyLukas2603 killed slime1986876
[Mon Aug 15 20:04:16 2022] [Shooting] ExitScam1337 is shooting
[Mon Aug 15 20:04:31 2022] [Shooting] ExitScam1337 is shooting
[Mon Aug 15 20:04:33 2022] [Shooting] ExitScam1337 is shooting
[Mon Aug 15 20:04:38 2022] [Kill] Edvinooo died
[Mon Aug 15 20:04:56 2022] [Shooting] Matejasampion is shooting with Пистолет
[Mon Aug 15 20:04:56 2022] [Shooting] ExitScam1337 is shooting
[Mon Aug 15 20:04:56 2022] [Shooting] ExitScam1337 is shooting
[Mon Aug 15 20:04:56 2022] [Shooting] ExitScam1337 is shooting
[Mon Aug 15 20:04:56 2022] [Shooting] ExitScam1337 is shooting
[Mon Aug 15 20:04:56 2022] [Shooting] ExitScam1337 is shooting
[Mon Aug 15 20:04:56 2022] [Shooting] ExitScam1337 is shooting
[Mon Aug 15 20:04:56 2022] [Shooting] ExitScam1337 is shooting
[Mon Aug 15 20:04:56 2022] [Shooting] ExitScam1337 is shooting
[Mon Aug 15 20:04:56 2022] [Shooting] ExitScam1337 is shooting
[Mon Aug 15 20:04:56 2022] [Shooting] ExitScam1337 is shooting
[Mon Aug 15 20:04:56 2022] [Shooting] ExitScam1337 is shooting
[Mon Aug 15 20:05:21 2022] [Shooting] ExitScam1337 is shooting
[Mon Aug 15 20:05:21 2022] [Shooting] ExitScam1337 is shooting
[Mon Aug 15 20:05:21 2022] [Shooting] ExitScam1337 is shooting
[Mon Aug 15 20:05:21 2022] [Shooting] ExitScam1337 is shooting
[Mon Aug 15 20:05:21 2022] [Shooting] ExitScam1337 is shooting
[Mon Aug 15 20:05:21 2022] [Shooting] ExitScam1337 is shooting
[Mon Aug 15 20:05:21 2022] [Shooting] ExitScam1337 is shooting
[Mon Aug 15 20:05:21 2022] [Shooting] ExitScam1337 is shooting
[Mon Aug 15 20:05:21 2022] [Shooting] ExitScam1337 is shooting
[Mon Aug 15 20:05:21 2022] [Shooting] ExitScam1337 is shooting
[Mon Aug 15 20:05:21 2022] [Shooting] ExitScam1337 is shooting
[Mon Aug 15 20:05:21 2022] [Shooting] ExitScam1337 is shooting
[Mon Aug 15 20:05:22 2022] [Shooting] ExitScam1337 is shooting
[Mon Aug 15 20:05:22 2022] [Shooting] ExitScam1337 is shooting
[Mon Aug 15 20:05:22 2022] [Shooting] ExitScam1337 is shooting
[Mon Aug 15 20:05:22 2022] [Shooting] ExitScam1337 is shooting
[Mon Aug 15 20:05:22 2022] [Kill] funnyLukas2603 died
[Mon Aug 15 20:05:22 2022] [Shooting] ExitScam1337 is shooting
[Mon Aug 15 20:05:22 2022] [Shooting] ExitScam1337 is shooting
[Mon Aug 15 20:05:49 2022] [Shooting] ExitScam1337 is shooting
[Mon Aug 15 20:05:49 2022] [Shooting] ExitScam1337 is shooting
[Mon Aug 15 20:05:49 2022] [Shooting] ExitScam1337 is shooting
[Mon Aug 15 20:05:49 2022] [Shooting] ExitScam1337 is shooting
[Mon Aug 15 20:05:49 2022] [Shooting] ExitScam1337 is shooting
[Mon Aug 15 20:05:50 2022] [Shooting] ExitScam1337 is shooting
[Mon Aug 15 20:05:50 2022] [Shooting] ExitScam1337 is shooting
[Mon Aug 15 20:05:50 2022] [Shooting] ExitScam1337 is shooting
[Mon Aug 15 20:05:50 2022] [Shooting] ExitScam1337 is shooting
[Mon Aug 15 20:05:50 2022] [Shooting] ExitScam1337 is shooting
[Mon Aug 15 20:05:50 2022] [Shooting] ExitScam1337 is shooting
[Mon Aug 15 20:05:50 2022] [Shooting] ExitScam1337 is shooting
[Mon Aug 15 20:05:54 2022] [Shooting] ExitScam1337 is shooting
[Mon Aug 15 20:06:00 2022] [Shooting] ExitScam1337 is shooting
[Mon Aug 15 20:06:00 2022] [Shooting] ExitScam1337 is shooting
[Mon Aug 15 20:06:00 2022] [Shooting] ExitScam1337 is shooting
[Mon Aug 15 20:06:00 2022] [Shooting] ExitScam1337 is shooting
[Mon Aug 15 20:06:01 2022] [Shooting] ExitScam1337 is shooting
[Mon Aug 15 20:06:01 2022] [Shooting] ExitScam1337 is shooting
[Mon Aug 15 20:06:01 2022] [Shooting] ExitScam1337 is shooting
[Mon Aug 15 20:06:01 2022] [Shooting] ExitScam1337 is shooting
[Mon Aug 15 20:06:01 2022] [Shooting] ExitScam1337 is shooting
[Mon Aug 15 20:06:25 2022] [Shooting] ExitScam1337 is shooting
[Mon Aug 15 20:06:25 2022] [Shooting] ExitScam1337 is shooting
[Mon Aug 15 20:06:25 2022] [Shooting] ExitScam1337 is shooting
[Mon Aug 15 20:06:25 2022] [Shooting] ExitScam1337 is shooting
[Mon Aug 15 20:06:25 2022] [Shooting] ExitScam1337 is shooting
[Mon Aug 15 20:06:26 2022] [Kill] Matejasampion died
[Mon Aug 15 20:06:26 2022] [Shooting] ExitScam1337 is shooting
[Mon Aug 15 20:06:26 2022] [Shooting] ExitScam1337 is shooting
[Mon Aug 15 20:06:26 2022] [Shooting] ExitScam1337 is shooting
[Mon Aug 15 20:06:26 2022] [Shooting] ExitScam1337 is shooting
[Mon Aug 15 20:06:26 2022] [Kill] Edvinooo killed slime1986876 with Дробовик-обрез
[Mon Aug 15 20:06:29 2022] [Shooting] DmytriyVolovskoy is shooting
[Mon Aug 15 20:06:30 2022] [Shooting] DmytriyVolovskoy is shooting
[Mon Aug 15 20:06:31 2022] [Shooting] DmytriyVolovskoy is shooting
[Mon Aug 15 20:06:38 2022] [Shooting] DmytriyVolovskoy is shooting
[Mon Aug 15 20:06:39 2022] [Shooting] DmytriyVolovskoy is shooting
[Mon Aug 15 20:06:40 2022] [Shooting] DmytriyVolovskoy is shooting
[Mon Aug 15 20:06:41 2022] [Shooting] DmytriyVolovskoy is shooting
[Mon Aug 15 20:06:43 2022] [Shooting] DmytriyVolovskoy is shooting
[Mon Aug 15 20:06:44 2022] [Shooting] DmytriyVolovskoy is shooting
[Mon Aug 15 20:06:49 2022] [Shooting] DmytriyVolovskoy is shooting
[Mon Aug 15 20:06:52 2022] [Shooting] DmytriyVolovskoy is shooting
[Mon Aug 15 20:06:53 2022] [Shooting] DmytriyVolovskoy is shooting
[Mon Aug 15 20:06:53 2022] [Kill] vasupandey died
[Mon Aug 15 20:06:59 2022] [Shooting] DmytriyVolovskoy is shooting
[Mon Aug 15 20:07:12 2022] [Shooting] DmytriyVolovskoy is shooting
[Mon Aug 15 20:07:13 2022] [Shooting] DmytriyVolovskoy is shooting
[Mon Aug 15 20:07:15 2022] [Shooting] DmytriyVolovskoy is shooting
[Mon Aug 15 20:07:16 2022] [Shooting] DmytriyVolovskoy is shooting
[Mon Aug 15 20:07:17 2022] [Shooting] DmytriyVolovskoy is shooting
[Mon Aug 15 20:07:18 2022] [Shooting] DmytriyVolovskoy is shooting
[Mon Aug 15 20:07:35 2022] [Kill] vasupandey died
[Mon Aug 15 20:07:57 2022] [Shooting] funnyLukas2603 is shooting with Укороченный гранатомет
[Mon Aug 15 20:08:38 2022] [Shooting] FSDBFHSBAF is shooting
[Mon Aug 15 20:08:38 2022] [Shooting] FSDBFHSBAF is shooting
[Mon Aug 15 20:08:38 2022] [Shooting] FSDBFHSBAF is shooting
[Mon Aug 15 20:08:38 2022] [Shooting] FSDBFHSBAF is shooting
[Mon Aug 15 20:08:38 2022] [Shooting] FSDBFHSBAF is shooting
[Mon Aug 15 20:08:38 2022] [Shooting] FSDBFHSBAF is shooting
[Mon Aug 15 20:08:38 2022] [Shooting] FSDBFHSBAF is shooting
[Mon Aug 15 20:08:38 2022] [Shooting] FSDBFHSBAF is shooting
[Mon Aug 15 20:08:38 2022] [Shooting] FSDBFHSBAF is shooting
[Mon Aug 15 20:08:38 2022] [Shooting] FSDBFHSBAF is shooting
[Mon Aug 15 20:08:38 2022] [Shooting] FSDBFHSBAF is shooting
[Mon Aug 15 20:08:38 2022] [Shooting] FSDBFHSBAF is shooting
[Mon Aug 15 20:08:38 2022] [Shooting] FSDBFHSBAF is shooting
[Mon Aug 15 20:08:39 2022] [Shooting] FSDBFHSBAF is shooting
[Mon Aug 15 20:08:39 2022] [Shooting] FSDBFHSBAF is shooting
[Mon Aug 15 20:08:39 2022] [Shooting] FSDBFHSBAF is shooting
[Mon Aug 15 20:08:39 2022] [Shooting] FSDBFHSBAF is shooting
[Mon Aug 15 20:08:39 2022] [Shooting] FSDBFHSBAF is shooting
[Mon Aug 15 20:08:39 2022] [Shooting] FSDBFHSBAF is shooting
[Mon Aug 15 20:08:39 2022] [Shooting] FSDBFHSBAF is shooting
[Mon Aug 15 20:08:39 2022] [Shooting] FSDBFHSBAF is shooting
[Mon Aug 15 20:08:39 2022] [Shooting] FSDBFHSBAF is shooting
[Mon Aug 15 20:08:39 2022] [Shooting] FSDBFHSBAF is shooting
[Mon Aug 15 20:08:39 2022] [Shooting] FSDBFHSBAF is shooting
[Mon Aug 15 20:08:39 2022] [Shooting] FSDBFHSBAF is shooting
[Mon Aug 15 20:08:39 2022] [Shooting] FSDBFHSBAF is shooting
[Mon Aug 15 20:08:39 2022] [Shooting] FSDBFHSBAF is shooting
[Mon Aug 15 20:08:39 2022] [Shooting] FSDBFHSBAF is shooting
[Mon Aug 15 20:08:40 2022] [Shooting] FSDBFHSBAF is shooting
[Mon Aug 15 20:08:40 2022] [Shooting] FSDBFHSBAF is shooting
[Mon Aug 15 20:08:40 2022] [Shooting] FSDBFHSBAF is shooting
[Mon Aug 15 20:08:40 2022] [Shooting] FSDBFHSBAF is shooting
[Mon Aug 15 20:08:40 2022] [Shooting] FSDBFHSBAF is shooting
[Mon Aug 15 20:08:40 2022] [Shooting] FSDBFHSBAF is shooting
[Mon Aug 15 20:08:40 2022] [Shooting] FSDBFHSBAF is shooting
[Mon Aug 15 20:08:40 2022] [Shooting] FSDBFHSBAF is shooting
[Mon Aug 15 20:08:40 2022] [Shooting] FSDBFHSBAF is shooting
[Mon Aug 15 20:08:52 2022] [Shooting] FSDBFHSBAF is shooting
[Mon Aug 15 20:08:52 2022] [Shooting] FSDBFHSBAF is shooting
[Mon Aug 15 20:08:52 2022] [Shooting] FSDBFHSBAF is shooting
[Mon Aug 15 20:08:52 2022] [Shooting] FSDBFHSBAF is shooting
[Mon Aug 15 20:08:53 2022] [Shooting] FSDBFHSBAF is shooting
[Mon Aug 15 20:08:53 2022] [Shooting] FSDBFHSBAF is shooting
[Mon Aug 15 20:08:53 2022] [Shooting] FSDBFHSBAF is shooting
[Mon Aug 15 20:08:53 2022] [Shooting] FSDBFHSBAF is shooting
[Mon Aug 15 20:08:53 2022] [Shooting] FSDBFHSBAF is shooting
[Mon Aug 15 20:08:53 2022] [Shooting] FSDBFHSBAF is shooting
[Mon Aug 15 20:08:53 2022] [Shooting] FSDBFHSBAF is shooting
[Mon Aug 15 20:08:57 2022] [Shooting] ExitScam1337 is shooting
[Mon Aug 15 20:08:57 2022] [Shooting] ExitScam1337 is shooting
[Mon Aug 15 20:08:57 2022] [Shooting] ExitScam1337 is shooting
[Mon Aug 15 20:08:57 2022] [Shooting] ExitScam1337 is shooting
[Mon Aug 15 20:08:57 2022] [Shooting] ExitScam1337 is shooting
[Mon Aug 15 20:08:57 2022] [Kill] funnyLukas2603 died
[Mon Aug 15 20:09:09 2022] [Shooting] FSDBFHSBAF is shooting
[Mon Aug 15 20:09:09 2022] [Shooting] FSDBFHSBAF is shooting
[Mon Aug 15 20:09:09 2022] [Shooting] FSDBFHSBAF is shooting
[Mon Aug 15 20:09:10 2022] [Shooting] FSDBFHSBAF is shooting
[Mon Aug 15 20:09:10 2022] [Shooting] FSDBFHSBAF is shooting
[Mon Aug 15 20:09:10 2022] [Shooting] FSDBFHSBAF is shooting
[Mon Aug 15 20:09:11 2022] [Shooting] FSDBFHSBAF is shooting
[Mon Aug 15 20:09:11 2022] [Shooting] FSDBFHSBAF is shooting
[Mon Aug 15 20:09:11 2022] [Shooting] FSDBFHSBAF is shooting
[Mon Aug 15 20:09:11 2022] [Shooting] FSDBFHSBAF is shooting
[Mon Aug 15 20:09:11 2022] [Shooting] FSDBFHSBAF is shooting
[Mon Aug 15 20:09:11 2022] [Shooting] FSDBFHSBAF is shooting
[Mon Aug 15 20:09:11 2022] [Shooting] FSDBFHSBAF is shooting
[Mon Aug 15 20:09:11 2022] [Shooting] FSDBFHSBAF is shooting
[Mon Aug 15 20:09:11 2022] [Shooting] FSDBFHSBAF is shooting
[Mon Aug 15 20:09:12 2022] [Shooting] FSDBFHSBAF is shooting
[Mon Aug 15 20:09:12 2022] [Shooting] FSDBFHSBAF is shooting
[Mon Aug 15 20:09:12 2022] [Shooting] FSDBFHSBAF is shooting
[Mon Aug 15 20:09:12 2022] [Shooting] FSDBFHSBAF is shooting
[Mon Aug 15 20:09:12 2022] [Shooting] FSDBFHSBAF is shooting
[Mon Aug 15 20:09:12 2022] [Shooting] FSDBFHSBAF is shooting
[Mon Aug 15 20:09:12 2022] [Shooting] FSDBFHSBAF is shooting
[Mon Aug 15 20:09:12 2022] [Shooting] FSDBFHSBAF is shooting
[Mon Aug 15 20:09:12 2022] [Shooting] FSDBFHSBAF is shooting
[Mon Aug 15 20:09:12 2022] [Shooting] FSDBFHSBAF is shooting
[Mon Aug 15 20:09:12 2022] [Shooting] FSDBFHSBAF is shooting
[Mon Aug 15 20:09:13 2022] [Shooting] FSDBFHSBAF is shooting
[Mon Aug 15 20:09:13 2022] [Shooting] FSDBFHSBAF is shooting
[Mon Aug 15 20:18:41 2022] [Shooting] psychopvth_ is shooting with Пистолет
[Mon Aug 15 20:18:42 2022] [Shooting] psychopvth_ is shooting with Пистолет
[Mon Aug 15 20:18:42 2022] [Shooting] psychopvth_ is shooting with Пистолет
[Mon Aug 15 20:18:44 2022] [Shooting] psychopvth_ is shooting with Пистолет
[Mon Aug 15 20:18:44 2022] [Shooting] psychopvth_ is shooting with Пистолет
